[2018-09-09 00:01:29] AppBundle\Command\CsvImportCommand.INFO: This process was started in AppBundle\Command\CsvImportCommand [] []
[2018-09-09 00:01:29] AppBundle\Command\CsvImportCommand.INFO: Reading .Csv file [] []
[2018-09-09 01:10:42] AppBundle\Command\CsvImportCommand.INFO: This process was started in AppBundle\Command\CsvImportCommand [] []
[2018-09-09 01:10:43] AppBundle\Command\CsvImportCommand.ERROR: (0) Message: 'The "assets/dataPartidasDua.csv" directory does not exist.' in file: '/home/maggie/Documentos/Aplicaciones/symfonyRest/restTranscoma/csvReaderJson/vendor/symfony/symfony/src/Symfony/Component/Finder/Finder.php' in line: 547 [] []
[2018-09-09 01:10:43] AppBundle\Command\CsvImportCommand.INFO: The process was finally into CsvImportCommand::execute() [] []
[2018-09-09 01:13:12] AppBundle\Command\CsvImportCommand.INFO: This process was started in AppBundle\Command\CsvImportCommand [] []
[2018-09-09 01:13:12] AppBundle\Command\CsvImportCommand.ERROR: (0) Message: 'The "assets/dataPartidasDua.csv" directory does not exist.' in file: '/home/maggie/Documentos/Aplicaciones/symfonyRest/restTranscoma/csvReaderJson/vendor/symfony/symfony/src/Symfony/Component/Finder/Finder.php' in line: 547 [] []
[2018-09-09 01:13:12] AppBundle\Command\CsvImportCommand.INFO: The process was finally into CsvImportCommand::execute() [] []
[2018-09-09 01:15:23] AppBundle\Command\CsvImportCommand.INFO: This process was started in AppBundle\Command\CsvImportCommand [] []
[2018-09-09 01:15:23] AppBundle\Command\CsvImportCommand.ERROR: (0) Message: 'The "/assets/dataPartidasDua.csv" directory does not exist.' in file: '/home/maggie/Documentos/Aplicaciones/symfonyRest/restTranscoma/csvReaderJson/vendor/symfony/symfony/src/Symfony/Component/Finder/Finder.php' in line: 547 [] []
[2018-09-09 01:15:23] AppBundle\Command\CsvImportCommand.INFO: The process was finally into CsvImportCommand::execute() [] []
[2018-09-09 01:16:08] AppBundle\Command\CsvImportCommand.INFO: This process was started in AppBundle\Command\CsvImportCommand [] []
[2018-09-09 01:16:08] AppBundle\Command\CsvImportCommand.ERROR: (0) Message: 'The "assets/dataPartidasDua.csv" directory does not exist.' in file: '/home/maggie/Documentos/Aplicaciones/symfonyRest/restTranscoma/csvReaderJson/vendor/symfony/symfony/src/Symfony/Component/Finder/Finder.php' in line: 547 [] []
[2018-09-09 01:16:08] AppBundle\Command\CsvImportCommand.INFO: The process was finally into CsvImportCommand::execute() [] []
[2018-09-09 01:17:51] AppBundle\Command\CsvImportCommand.INFO: This process was started in AppBundle\Command\CsvImportCommand [] []
[2018-09-09 01:17:51] AppBundle\Command\CsvImportCommand.ERROR: (0) Message: 'The "/home/maggie/Documentos/Aplicaciones/symfonyRest/restTranscoma/csvReaderJson/assets/dataPartidasDua.csv" directory does not exist.' in file: '/home/maggie/Documentos/Aplicaciones/symfonyRest/restTranscoma/csvReaderJson/vendor/symfony/symfony/src/Symfony/Component/Finder/Finder.php' in line: 547 [] []
[2018-09-09 01:17:51] AppBundle\Command\CsvImportCommand.INFO: The process was finally into CsvImportCommand::execute() [] []
[2018-09-09 01:18:30] AppBundle\Command\CsvImportCommand.INFO: This process was started in AppBundle\Command\CsvImportCommand [] []
[2018-09-09 01:18:30] AppBundle\Command\CsvImportCommand.ERROR: (0) Message: 'The "home/maggie/Documentos/Aplicaciones/symfonyRest/restTranscoma/csvReaderJson/assets/dataPartidasDua.csv" directory does not exist.' in file: '/home/maggie/Documentos/Aplicaciones/symfonyRest/restTranscoma/csvReaderJson/vendor/symfony/symfony/src/Symfony/Component/Finder/Finder.php' in line: 547 [] []
[2018-09-09 01:18:30] AppBundle\Command\CsvImportCommand.INFO: The process was finally into CsvImportCommand::execute() [] []
[2018-09-09 01:18:39] AppBundle\Command\CsvImportCommand.INFO: This process was started in AppBundle\Command\CsvImportCommand [] []
[2018-09-09 01:18:39] AppBundle\Command\CsvImportCommand.ERROR: (0) Message: 'The "/home/maggie/Documentos/Aplicaciones/symfonyRest/restTranscoma/csvReaderJson/assets/dataPartidasDua.csv" directory does not exist.' in file: '/home/maggie/Documentos/Aplicaciones/symfonyRest/restTranscoma/csvReaderJson/vendor/symfony/symfony/src/Symfony/Component/Finder/Finder.php' in line: 547 [] []
[2018-09-09 01:18:39] AppBundle\Command\CsvImportCommand.INFO: The process was finally into CsvImportCommand::execute() [] []
[2018-09-09 01:19:13] AppBundle\Command\CsvImportCommand.INFO: This process was started in AppBundle\Command\CsvImportCommand [] []
[2018-09-09 01:19:13] AppBundle\Command\CsvImportCommand.ERROR: (0) Message: 'The "/home/maggie/Documentos/Aplicaciones/symfonyRest/restTranscoma/csvReaderJson/assets/dataPartidasDua.csv" directory does not exist.' in file: '/home/maggie/Documentos/Aplicaciones/symfonyRest/restTranscoma/csvReaderJson/vendor/symfony/symfony/src/Symfony/Component/Finder/Finder.php' in line: 547 [] []
[2018-09-09 01:19:13] AppBundle\Command\CsvImportCommand.INFO: The process was finally into CsvImportCommand::execute() [] []
[2018-09-09 01:23:52] AppBundle\Command\CsvImportCommand.INFO: This process was started in AppBundle\Command\CsvImportCommand [] []
[2018-09-09 01:23:52] AppBundle\Command\CsvImportCommand.ERROR: (0) Message: 'The "/home/maggie/Documentos/Aplicaciones/symfonyRest/restTranscoma/csvReaderJson/assets/dataPartidasDua.csv" directory does not exist.' in file: '/home/maggie/Documentos/Aplicaciones/symfonyRest/restTranscoma/csvReaderJson/vendor/symfony/symfony/src/Symfony/Component/Finder/Finder.php' in line: 547 [] []
[2018-09-09 01:23:52] AppBundle\Command\CsvImportCommand.INFO: The process was finally into CsvImportCommand::execute() [] []
[2018-09-09 01:25:31] AppBundle\Command\CsvImportCommand.INFO: This process was started in AppBundle\Command\CsvImportCommand [] []
[2018-09-09 01:25:31] AppBundle\Command\CsvImportCommand.ERROR: (0) Message: 'The "/home/maggie/Documentos/Aplicaciones/symfonyRest/restTranscoma/csvReaderJson/assets/dataPartidasDua.csv" directory does not exist.' in file: '/home/maggie/Documentos/Aplicaciones/symfonyRest/restTranscoma/csvReaderJson/vendor/symfony/symfony/src/Symfony/Component/Finder/Finder.php' in line: 547 [] []
[2018-09-09 01:25:31] AppBundle\Command\CsvImportCommand.INFO: The process was finally into CsvImportCommand::execute() [] []
[2018-09-09 01:29:24] AppBundle\Command\CsvImportCommand.INFO: This process was started in AppBundle\Command\CsvImportCommand [] []
[2018-09-09 01:29:24] AppBundle\Command\CsvImportCommand.ERROR: (0) Message: 'The "/home/maggie/Documentos/Aplicaciones/symfonyRest/restTranscoma/csvReaderJson/assets/dataPartidasDua.csv" directory does not exist.' in file: '/home/maggie/Documentos/Aplicaciones/symfonyRest/restTranscoma/csvReaderJson/vendor/symfony/symfony/src/Symfony/Component/Finder/Finder.php' in line: 547 [] []
[2018-09-09 01:29:24] AppBundle\Command\CsvImportCommand.INFO: The process was finally into CsvImportCommand::execute() [] []
[2018-09-09 01:35:49] AppBundle\Command\CsvImportCommand.INFO: This process was started in AppBundle\Command\CsvImportCommand [] []
[2018-09-09 01:35:49] AppBundle\Command\CsvImportCommand.ERROR: (0) Message: 'The "/home/maggie/Documentos/Aplicaciones/symfonyRest/restTranscoma/csvReaderJson/assets/dataPartidasDua (copy).csv" directory does not exist.' in file: '/home/maggie/Documentos/Aplicaciones/symfonyRest/restTranscoma/csvReaderJson/vendor/symfony/finder/Finder.php' in line: 547 [] []
[2018-09-09 01:35:49] AppBundle\Command\CsvImportCommand.INFO: The process was finally into CsvImportCommand::execute() [] []
[2018-09-09 01:36:21] AppBundle\Command\CsvImportCommand.INFO: This process was started in AppBundle\Command\CsvImportCommand [] []
[2018-09-09 01:36:21] AppBundle\Command\CsvImportCommand.ERROR: (0) Message: 'The "/home/maggie/Documentos/Aplicaciones/symfonyRest/restTranscoma/csvReaderJson/assets/dataPartidasDua.csv" directory does not exist.' in file: '/home/maggie/Documentos/Aplicaciones/symfonyRest/restTranscoma/csvReaderJson/vendor/symfony/finder/Finder.php' in line: 547 [] []
[2018-09-09 01:36:21] AppBundle\Command\CsvImportCommand.INFO: The process was finally into CsvImportCommand::execute() [] []
[2018-09-09 01:36:37] AppBundle\Command\CsvImportCommand.INFO: This process was started in AppBundle\Command\CsvImportCommand [] []
[2018-09-09 01:36:37] AppBundle\Command\CsvImportCommand.ERROR: (0) Message: 'The "home/maggie/Documentos/Aplicaciones/symfonyRest/restTranscoma/csvReaderJson/assets/dataPartidasDua.csv" directory does not exist.' in file: '/home/maggie/Documentos/Aplicaciones/symfonyRest/restTranscoma/csvReaderJson/vendor/symfony/finder/Finder.php' in line: 547 [] []
[2018-09-09 01:36:37] AppBundle\Command\CsvImportCommand.INFO: The process was finally into CsvImportCommand::execute() [] []
[2018-09-09 01:36:53] AppBundle\Command\CsvImportCommand.INFO: This process was started in AppBundle\Command\CsvImportCommand [] []
[2018-09-09 01:36:53] AppBundle\Command\CsvImportCommand.ERROR: (0) Message: 'The "/home/maggie/Documentos/Aplicaciones/symfonyRest/restTranscoma/csvReaderJson/assets/dataPartidasDua.csv" directory does not exist.' in file: '/home/maggie/Documentos/Aplicaciones/symfonyRest/restTranscoma/csvReaderJson/vendor/symfony/finder/Finder.php' in line: 547 [] []
[2018-09-09 01:36:53] AppBundle\Command\CsvImportCommand.INFO: The process was finally into CsvImportCommand::execute() [] []
[2018-09-09 01:39:21] AppBundle\Command\CsvImportCommand.INFO: This process was started in AppBundle\Command\CsvImportCommand [] []
[2018-09-09 01:39:21] AppBundle\Command\CsvImportCommand.ERROR: (0) Message: 'The "/home/maggie/Documentos/Aplicaciones/symfonyRest/restTranscoma/csvReaderJson/assets/dataPartidasDua.csv" directory does not exist.' in file: '/home/maggie/Documentos/Aplicaciones/symfonyRest/restTranscoma/csvReaderJson/vendor/symfony/finder/Finder.php' in line: 547 [] []
[2018-09-09 01:39:21] AppBundle\Command\CsvImportCommand.INFO: The process was finally into CsvImportCommand::execute() [] []
[2018-09-09 01:39:43] AppBundle\Command\CsvImportCommand.INFO: This process was started in AppBundle\Command\CsvImportCommand [] []
[2018-09-09 01:39:43] AppBundle\Command\CsvImportCommand.INFO: Reading dataPartidasDua (3rd copy).csvfile [] []
[2018-09-09 01:40:12] AppBundle\Command\CsvImportCommand.INFO: The file dataPartidasDua (3rd copy).csv was read successfully [] []
[2018-09-09 01:40:12] AppBundle\Command\CsvImportCommand.INFO: Reading dataPartidasDua (another copy).csvfile [] []
[2018-09-09 01:51:54] AppBundle\Command\CsvImportCommand.INFO: This process was started in AppBundle\Command\CsvImportCommand [] []
[2018-09-09 01:51:54] AppBundle\Command\CsvImportCommand.INFO: Reading dataPartidasDua (another copy).csvfile [] []
[2018-09-09 02:26:17] AppBundle\Command\CsvImportCommand.INFO: This process was started in AppBundle\Command\CsvImportCommand [] []
[2018-09-09 02:26:17] AppBundle\Command\CsvImportCommand.INFO: Reading dataPartidasDua (3rd copy).csvfile [] []
[2018-09-09 02:26:33] AppBundle\Command\CsvImportCommand.INFO: The file dataPartidasDua (3rd copy).csv was read successfully [] []
[2018-09-09 02:26:33] AppBundle\Command\CsvImportCommand.INFO: Reading dataPartidasDua (another copy).csvfile [] []
[2018-09-08 23:23:58] AppBundle\Command\CsvImportCommand.INFO: This process was started in AppBundle\Command\CsvImportCommand [] []
[2018-09-08 23:23:59] AppBundle\Command\CsvImportCommand.INFO: Reading dataPartidasDua (3rd copy).csvfile [] []
[2018-09-08 23:24:15] AppBundle\Command\CsvImportCommand.INFO: The file dataPartidasDua (3rd copy).csv was read successfully [] []
[2018-09-08 23:24:15] AppBundle\Command\CsvImportCommand.INFO: Reading csvReaddataPartidasDua.csvfile [] []
[2018-09-08 23:24:18] AppBundle\Command\CsvImportCommand.INFO: The file csvReaddataPartidasDua.csv was read successfully [] []
[2018-09-08 23:24:18] AppBundle\Command\CsvImportCommand.ERROR: (0) Message: 'Failed to copy "assets/csvReaddataPartidasDua.csv" because file does not exist.' in file: '/home/wjoseperez/Documents/Transcend/Transcoma/restTranscoma/csvReaderJson/vendor/symfony/symfony/src/Symfony/Component/Filesystem/Filesystem.php' in line: 44 [] []
[2018-09-08 23:24:18] AppBundle\Command\CsvImportCommand.INFO: The process was finally into CsvImportCommand::execute() [] []
[2018-09-08 23:27:19] AppBundle\Command\CsvImportCommand.INFO: This process was started in AppBundle\Command\CsvImportCommand [] []
[2018-09-08 23:27:19] AppBundle\Command\CsvImportCommand.INFO: Reading dataPartidasDua (copy).csvfile [] []
[2018-09-08 23:29:04] AppBundle\Command\CsvImportCommand.INFO: The file dataPartidasDua (copy).csv was read successfully [] []
[2018-09-08 23:29:04] AppBundle\Command\CsvImportCommand.INFO: Reading dataPartidasDua (another copy).csvfile [] []
[2018-09-08 23:58:05] AppBundle\Command\CsvImportCommand.INFO: This process was started in AppBundle\Command\CsvImportCommand [] []
[2018-09-08 23:58:05] AppBundle\Command\CsvImportCommand.INFO: Reading duaImport.csvfile [] []
[2018-09-08 23:59:14] AppBundle\Command\CsvImportCommand.INFO: This process was started in AppBundle\Command\CsvImportCommand [] []
[2018-09-08 23:59:56] AppBundle\Command\CsvImportCommand.INFO: This process was started in AppBundle\Command\CsvImportCommand [] []
[2018-09-08 23:59:59] AppBundle\Command\CsvImportCommand.ERROR: (0) Message: 'The ProgressBar is not started.' in file: '/home/wjoseperez/Documents/Transcend/Transcoma/daemons/csvReaderJson/vendor/symfony/symfony/src/Symfony/Component/Console/Style/SymfonyStyle.php' in line: 347 [] []
[2018-09-08 23:59:59] AppBundle\Command\CsvImportCommand.INFO: The process was finally into CsvImportCommand::execute() [] []
[2018-09-09 11:24:59] AppBundle\Command\CsvImportCommand.INFO: This process was started in AppBundle\Command\CsvImportCommand [] []
[2018-09-09 11:25:32] AppBundle\Command\CsvImportCommand.INFO: This process was started in AppBundle\Command\CsvImportCommand [] []
[2018-09-09 11:25:32] AppBundle\Command\CsvImportCommand.ERROR: (0) Message: 'The ProgressBar is not started.' in file: '/home/wjoseperez/Documents/Transcend/Transcoma/daemons/csvReaderJson/vendor/symfony/symfony/src/Symfony/Component/Console/Style/SymfonyStyle.php' in line: 347 [] []
[2018-09-09 11:25:32] AppBundle\Command\CsvImportCommand.INFO: The process was finally into CsvImportCommand::execute() [] []
[2018-09-09 11:25:49] AppBundle\Command\CsvImportCommand.INFO: This process was started in AppBundle\Command\CsvImportCommand [] []
[2018-09-09 11:25:49] AppBundle\Command\CsvImportCommand.ERROR: (0) Message: 'The ProgressBar is not started.' in file: '/home/wjoseperez/Documents/Transcend/Transcoma/daemons/csvReaderJson/vendor/symfony/symfony/src/Symfony/Component/Console/Style/SymfonyStyle.php' in line: 347 [] []
[2018-09-09 11:25:49] AppBundle\Command\CsvImportCommand.INFO: The process was finally into CsvImportCommand::execute() [] []
[2018-09-09 11:26:48] AppBundle\Command\CsvImportCommand.INFO: This process was started in AppBundle\Command\CsvImportCommand [] []
[2018-09-09 11:26:48] AppBundle\Command\CsvImportCommand.INFO: Reading dataPartidasDua.csvfile [] []
[2018-09-09 11:30:19] AppBundle\Command\CsvImportCommand.INFO: The file dataPartidasDua.csv was read successfully [] []
[2018-09-09 11:30:19] AppBundle\Command\CsvImportCommand.INFO: Success : Reading time : 3.518712135156 min. into CsvImportCommand::insertAction [] []
[2018-09-09 11:30:19] AppBundle\Command\CsvImportCommand.INFO: The process was finally into CsvImportCommand::execute() [] []
[2018-09-09 11:41:15] AppBundle\Command\CsvImportCommand.INFO: This process was started in AppBundle\Command\CsvImportCommand [] []
[2018-09-09 11:41:15] AppBundle\Command\CsvImportCommand.INFO: Reading dataPartidasDua.csvfile [] []
[2018-09-09 11:46:08] AppBundle\Command\CsvImportCommand.INFO: The file dataPartidasDua.csv was read successfully [] []
[2018-09-09 11:46:08] AppBundle\Command\CsvImportCommand.INFO: Success : Reading time : 4.8813539981842 min. into CsvImportCommand::insertAction [] []
[2018-09-09 11:46:08] AppBundle\Command\CsvImportCommand.INFO: The process was finally into CsvImportCommand::execute() [] []
[2018-09-09 12:14:25] AppBundle\Command\CsvImportCommand.INFO: This process was started in AppBundle\Command\CsvImportCommand [] []
[2018-09-09 12:14:25] AppBundle\Command\CsvImportCommand.INFO: Reading dataPartidasDua.csvfile [] []
[2018-09-09 12:16:22] AppBundle\Command\CsvImportCommand.INFO: This process was started in AppBundle\Command\CsvImportCommand [] []
[2018-09-09 12:16:22] AppBundle\Command\CsvImportCommand.INFO: Reading dataPartidasDua.csvfile [] []
[2018-09-09 14:47:28] AppBundle\Command\CsvImportCommand.INFO: This process was started in AppBundle\Command\CsvImportCommand [] []
[2018-09-09 14:47:28] AppBundle\Command\CsvImportCommand.INFO: Reading dataPartidasDua.csvfile [] []
[2018-09-09 14:49:45] AppBundle\Command\CsvImportCommand.INFO: This process was started in AppBundle\Command\CsvImportCommand [] []
[2018-09-09 14:49:45] AppBundle\Command\CsvImportCommand.INFO: Reading dataPartidasDua.csvfile [] []
[2018-09-09 14:53:47] AppBundle\Command\CsvImportCommand.INFO: This process was started in AppBundle\Command\CsvImportCommand [] []
[2018-09-09 14:53:47] AppBundle\Command\CsvImportCommand.ERROR: (0) Message: 'The ProgressBar is not started.' in file: '/home/wjoseperez/Documents/Transcend/Transcoma/daemons/csvReaderJson/vendor/symfony/symfony/src/Symfony/Component/Console/Style/SymfonyStyle.php' in line: 347 [] []
[2018-09-09 14:53:47] AppBundle\Command\CsvImportCommand.INFO: The process was finally into CsvImportCommand::execute() [] []
[2018-09-09 14:53:53] AppBundle\Command\CsvImportCommand.INFO: This process was started in AppBundle\Command\CsvImportCommand [] []
[2018-09-09 14:53:53] AppBundle\Command\CsvImportCommand.ERROR: (0) Message: 'The ProgressBar is not started.' in file: '/home/wjoseperez/Documents/Transcend/Transcoma/daemons/csvReaderJson/vendor/symfony/symfony/src/Symfony/Component/Console/Style/SymfonyStyle.php' in line: 347 [] []
[2018-09-09 14:53:53] AppBundle\Command\CsvImportCommand.INFO: The process was finally into CsvImportCommand::execute() [] []
[2018-09-09 14:54:01] AppBundle\Command\CsvImportCommand.INFO: This process was started in AppBundle\Command\CsvImportCommand [] []
[2018-09-09 14:54:01] AppBundle\Command\CsvImportCommand.INFO: Reading dataPartidasDua.csvfile [] []
[2018-09-09 14:55:41] AppBundle\Command\CsvImportCommand.INFO: This process was started in AppBundle\Command\CsvImportCommand [] []
[2018-09-09 14:55:41] AppBundle\Command\CsvImportCommand.INFO: Reading dataPartidasDua.csvfile [] []
[2018-09-09 15:02:46] AppBundle\Command\CsvImportCommand.INFO: The file dataPartidasDua.csv was read successfully [] []
[2018-09-09 15:02:46] AppBundle\Command\CsvImportCommand.INFO: Success : Reading time : 7.0842241326968 min. into CsvImportCommand::insertAction [] []
[2018-09-09 15:02:46] AppBundle\Command\CsvImportCommand.INFO: The process was finally into CsvImportCommand::execute() [] []
[2018-09-09 15:03:44] AppBundle\Command\CsvImportCommand.INFO: This process was started in AppBundle\Command\CsvImportCommand [] []
[2018-09-09 15:03:44] AppBundle\Command\CsvImportCommand.ERROR: (0) Message: 'The ProgressBar is not started.' in file: '/home/wjoseperez/Documents/Transcend/Transcoma/daemons/csvReaderJson/vendor/symfony/symfony/src/Symfony/Component/Console/Style/SymfonyStyle.php' in line: 347 [] []
[2018-09-09 15:03:44] AppBundle\Command\CsvImportCommand.INFO: The process was finally into CsvImportCommand::execute() [] []
[2018-09-09 15:08:22] AppBundle\Command\CsvImportCommand.INFO: This process was started in AppBundle\Command\CsvImportCommand [] []
[2018-09-09 15:08:22] AppBundle\Command\CsvImportCommand.INFO: Reading dataPartidasDua.csvfile [] []
[2018-09-09 15:14:25] AppBundle\Command\CsvImportCommand.INFO: This process was started in AppBundle\Command\CsvImportCommand [] []
[2018-09-09 15:14:25] AppBundle\Command\CsvImportCommand.INFO: Reading dataPartidasDua.csvfile [] []
[2018-09-09 15:17:30] AppBundle\Command\CsvImportCommand.INFO: The file dataPartidasDua.csv was read successfully [] []
[2018-09-09 15:17:30] AppBundle\Command\CsvImportCommand.INFO: Success : Reading time : 3.0885391354561 min. into CsvImportCommand::insertAction [] []
[2018-09-09 15:17:30] AppBundle\Command\CsvImportCommand.INFO: The process was finally into CsvImportCommand::execute() [] []
[2018-09-09 15:31:21] AppBundle\Command\CsvImportCommand.INFO: This process was started in AppBundle\Command\CsvImportCommand [] []
[2018-09-09 15:31:21] AppBundle\Command\CsvImportCommand.INFO: Reading dataPartidasDua.csvfile [] []
[2018-09-09 15:31:56] AppBundle\Command\CsvImportCommand.INFO: The file dataPartidasDua.csv was read successfully [] []
[2018-09-09 15:31:56] AppBundle\Command\CsvImportCommand.INFO: Success : Reading time : 0.58292561372121 min. into CsvImportCommand::insertAction [] []
[2018-09-09 15:31:56] AppBundle\Command\CsvImportCommand.INFO: The process was finally into CsvImportCommand::execute() [] []
[2018-09-09 15:46:42] AppBundle\Command\CsvImportCommand.INFO: This process was started in AppBundle\Command\CsvImportCommand [] []
[2018-09-09 15:46:42] AppBundle\Command\CsvImportCommand.INFO: Reading dataPartidasDua.csvfile [] []
[2018-09-09 15:47:06] AppBundle\Command\CsvImportCommand.INFO: The file dataPartidasDua.csv was read successfully [] []
[2018-09-09 15:47:06] AppBundle\Command\CsvImportCommand.INFO: Success : Reading time : 0.40033201376597 min. into CsvImportCommand::insertAction [] []
[2018-09-09 15:47:06] AppBundle\Command\CsvImportCommand.INFO: The process was finally into CsvImportCommand::execute() [] []
